<?xml version="1.0" encoding="UTF-8"?>
<!-- Generated by org.testng.reporters.JUnitReportReporter -->
<testsuite hostname="DESKTOP-1JPKL76" failures="0" tests="2" name="tests.LoginTest" time="17.615" errors="0" timestamp="2021-12-16T11:50:00 IST" skipped="0">
  <testcase classname="tests.LoginTest" name="login" time="3.825"/>
  <system-out/>
  <testcase classname="tests.LoginTest" name="login" time="13.790"/>
  <system-out/>
</testsuite> <!-- tests.LoginTest -->
