<?xml version="1.0" encoding="UTF-8"?>
<!-- Generated by org.testng.reporters.JUnitReportReporter -->
<testsuite hostname="DESKTOP-1JPKL76" failures="0" tests="1" name="tests.RegistrationTest" time="8.233" errors="0" timestamp="2021-12-16T11:50:00 IST" skipped="0">
  <testcase classname="tests.RegistrationTest" name="registration" time="8.233"/>
  <system-out/>
</testsuite> <!-- tests.RegistrationTest -->
